01-02 19:24:12.666 15754 15754 D ViewRootImpl: com.android.todolist: (1, 0, 0, 0, -1)
01-02 19:24:14.245 15754 15754 D ViewRootImpl: com.android.todolist: (1, 0, 0, 0, -1)
01-02 19:24:20.129 15754 15754 D ViewRootImpl: com.android.todolist: (1, 0, 0, 0, -1)
01-02 19:51:43.924 20463 20463 D ViewRootImpl: com.android.todolist: (1, 0, 0, 0, -1)
01-02 19:51:47.065 20463 20463 D ViewRootImpl: com.android.todolist: (1, 0, 0, 0, -1)
01-02 19:52:11.459 20463 20463 D ViewRootImpl: com.android.todolist: (1, 2, 1, 0, 27535)
01-02 19:52:15.027 20463 20463 D ViewRootImpl: com.android.todolist: (1, 0, 0, 0, -1)
01-02 19:52:16.025 20463 20463 D ViewRootImpl: com.android.todolist: (1, 0, 0, 0, -1)
01-02 19:52:22.165 20463 20463 D ViewRootImpl: com.android.todolist: (1, 0, 0, 0, -1)
01-02 19:52:24.276 20463 20463 D ViewRootImpl: com.android.todolist: (1, 0, 0, 0, -1)
01-02 19:52:34.265 20463 20463 D ViewRootImpl: com.android.todolist: (1, 0, 0, 0, -1)
01-02 19:53:04.010 20463 20463 D ViewRootImpl: com.android.todolist: (4, 5, 4, 0, 39734)
01-02 19:53:07.117 20463 20463 D ViewRootImpl: com.android.todolist: (1, 0, 0, 0, -1)
01-02 19:57:15.441 20463 20463 D ViewRootImpl: com.android.todolist: (1, 2, 2, 1, 251431)
01-02 19:57:21.552 20463 20463 D ViewRootImpl: com.android.todolist: (0, 2, 1, 1, 305527)
01-02 19:57:22.815 20463 20463 D ViewRootImpl: com.android.todolist: (0, 8, 1, 1, 311356)
01-02 19:57:26.010 20463 20463 D ViewRootImpl: com.android.todolist: (0, 0, 0, 1, -1)
01-02 19:57:36.059 22477 22477 D ViewRootImpl: com.android.todolist: (0, 0, 0, 1, -1)
01-02 20:00:16.376 22477 22477 D ViewRootImpl: com.android.todolist: (1, 0, 0, 0, -1)
01-02 20:00:20.928 22477 22477 D ViewRootImpl: com.android.todolist: (1, 0, 0, 0, -1)
01-02 20:01:43.077 22477 22477 D ViewRootImpl: com.android.todolist: (1, 4, 1, 0, 86701)
01-02 20:01:44.206 22477 22477 D ViewRootImpl: com.android.todolist: (1, 0, 0, 0, -1)
01-02 21:28:37.875  1416  2408 I ActivityManager: START u0 {act=android.intent.action.MAIN cat=[android.intent.category.LAUNCHER] flg=0x10200000 cmp=com.android.todolist/.MainActivity bnds=[581,1339][859,1748] (has extras)} from uid 10096
01-02 21:28:37.881  1416  2408 D ActivityTrigger: activityResumeTrigger: The activity in ApplicationInfo{d5d80e8 com.android.todolist} is now in focus and seems to be in full-screen mode
01-02 21:28:37.881  1416  2408 E ActivityTrigger: activityResumeTrigger: not whiteListedcom.android.todolist/com.android.todolist.MainActivity/1
01-02 21:28:37.886  1416  2408 D ActivityTrigger: activityResumeTrigger: The activity in ApplicationInfo{d5d80e8 com.android.todolist} is now in focus and seems to be in full-screen mode
01-02 21:28:37.886  1416  2408 E ActivityTrigger: activityResumeTrigger: not whiteListedcom.android.todolist/com.android.todolist.MainActivity/1
01-02 21:28:37.907  1416  4183 D ActivityTrigger: activityResumeTrigger: The activity in ApplicationInfo{d5d80e8 com.android.todolist} is now in focus and seems to be in full-screen mode
01-02 21:28:37.907  1416  4183 E ActivityTrigger: activityResumeTrigger: not whiteListedcom.android.todolist/com.android.todolist.MainActivity/1
01-02 21:28:43.286  4146 16056 D PowerCalculator: topApCounter com.android.todolist
01-02 21:28:47.447 22477 22477 D ViewRootImpl: com.android.todolist: (1, 0, 1, 0, 5224370)
01-02 21:28:47.714   800   800 D SurfaceFlinger: duplicate layer name: changing com.android.todolist/com.android.todolist.MainActivity to com.android.todolist/com.android.todolist.MainActivity#1
01-02 21:28:48.668 22477 22477 D ViewRootImpl: com.android.todolist: (1, 0, 0, 0, -1)
01-02 21:28:48.879  2398  2398 I AndroidIME: AbstractIme.onActivate():86 LatinIme.onActivate() : EditorInfo = inputType=Text imeActionName=DONE dump=[inputType=0x61 imeOptions=0x6 privateImeOptions=null actionLabel=null actionId=0 initialSelStart=0 initialSelEnd=0 initialCapsMode=0x0 hintText=Name list label=null packageName=com.android.todolist fieldId=2131230821 fieldName=null extras=null hintLocales=null contentMimeTypes=null ], IncognitoMode = false, DeviceLocked = false
01-02 21:28:49.121  4301 21608 W okt     : Infinite Data has no result for com.android.todolist [CONTEXT service_id=177 ]
01-02 21:28:49.157  4301 11133 W okt     : Infinite Data has no result for com.android.todolist [CONTEXT service_id=177 ]
01-02 21:28:51.141   800  1534 W SurfaceFlinger: Attempting to set client state on removed layer: com.android.todolist/com.android.todolist.MainActivity#1
01-02 21:28:51.142   800  1534 W SurfaceFlinger: Attempting to destroy on removed layer: com.android.todolist/com.android.todolist.MainActivity#1
01-02 21:28:52.311  1416  2408 I NotificationService: enqueueToast pkg=com.android.todolist callback=android.app.ITransientNotification$Stub$Proxy@12b6bac duration=0
01-02 21:28:52.315  1416  2408 D NotificationService: Show pkg=com.android.todolist callback=android.app.ITransientNotification$Stub$Proxy@12b6bac
01-02 21:28:52.323  1416  2408 I ActivityManager: START u0 {cmp=com.android.todolist/.ListActivity (has extras)} from uid 10166
01-02 21:28:52.333  1416  2408 D ActivityTrigger: activityStartTrigger: Activity is Triggerred in full screen ApplicationInfo{d5d80e8 com.android.todolist}
01-02 21:28:52.333  1416  2408 E ActivityTrigger: activityStartTrigger: not whiteListedcom.android.todolist/com.android.todolist.ListActivity/1
01-02 21:28:52.335  1416  2408 D ActivityTrigger: activityResumeTrigger: The activity in ApplicationInfo{d5d80e8 com.android.todolist} is now in focus and seems to be in full-screen mode
01-02 21:28:52.335  1416  2408 E ActivityTrigger: activityResumeTrigger: not whiteListedcom.android.todolist/com.android.todolist.ListActivity/1
01-02 21:28:52.368  1416  4126 D ActivityTrigger: activityResumeTrigger: The activity in ApplicationInfo{d5d80e8 com.android.todolist} is now in focus and seems to be in full-screen mode
01-02 21:28:52.368  1416  4126 E ActivityTrigger: activityResumeTrigger: not whiteListedcom.android.todolist/com.android.todolist.ListActivity/1
01-02 21:28:52.556  1416  1518 I ActivityManager: Displayed com.android.todolist/.ListActivity: +183ms
01-02 21:28:53.842 22477 22477 D ViewRootImpl: com.android.todolist: (1, 0, 0, 0, -1)
01-02 21:28:53.907  1416  2408 I ActivityManager: START u0 {cmp=com.android.todolist/.MainActivity} from uid 10166
01-02 21:28:53.911  1416  2408 D ActivityTrigger: activityStartTrigger: Activity is Triggerred in full screen ApplicationInfo{d5d80e8 com.android.todolist}
01-02 21:28:53.912  1416  2408 E ActivityTrigger: activityStartTrigger: not whiteListedcom.android.todolist/com.android.todolist.MainActivity/1
01-02 21:28:53.912  1416  2408 D ActivityTrigger: activityResumeTrigger: The activity in ApplicationInfo{d5d80e8 com.android.todolist} is now in focus and seems to be in full-screen mode
01-02 21:28:53.912  1416  2408 E ActivityTrigger: activityResumeTrigger: not whiteListedcom.android.todolist/com.android.todolist.MainActivity/1
01-02 21:28:53.927  1416  2408 D ActivityTrigger: activityResumeTrigger: The activity in ApplicationInfo{d5d80e8 com.android.todolist} is now in focus and seems to be in full-screen mode
01-02 21:28:53.927  1416  2408 E ActivityTrigger: activityResumeTrigger: not whiteListedcom.android.todolist/com.android.todolist.MainActivity/1
01-02 21:28:54.109  1416  1518 I ActivityManager: Displayed com.android.todolist/.MainActivity: +178ms
01-02 21:28:54.316  1416  1416 D NotificationService: Timeout pkg=com.android.todolist callback=android.app.ITransientNotification$Stub$Proxy@12b6bac
01-02 21:28:54.337  1416  2408 W NotificationService: Toast already killed. pkg=com.android.todolist callback=android.app.ITransientNotification$Stub$Proxy@8ab5c27
01-02 21:28:55.129 22477 22477 D ViewRootImpl: com.android.todolist: (1, 0, 0, 0, -1)
01-02 21:28:55.192  1416  2408 I NotificationService: enqueueToast pkg=com.android.todolist callback=android.app.ITransientNotification$Stub$Proxy@1f18440 duration=0
01-02 21:28:55.195  1416  2408 D NotificationService: Show pkg=com.android.todolist callback=android.app.ITransientNotification$Stub$Proxy@1f18440
01-02 21:28:55.198  1416  2408 I ActivityManager: START u0 {cmp=com.android.todolist/.ListActivity (has extras)} from uid 10166
01-02 21:28:55.202  1416  2408 D ActivityTrigger: activityStartTrigger: Activity is Triggerred in full screen ApplicationInfo{d5d80e8 com.android.todolist}
01-02 21:28:55.202  1416  2408 E ActivityTrigger: activityStartTrigger: not whiteListedcom.android.todolist/com.android.todolist.ListActivity/1
01-02 21:28:55.203  1416  2408 D ActivityTrigger: activityResumeTrigger: The activity in ApplicationInfo{d5d80e8 com.android.todolist} is now in focus and seems to be in full-screen mode
01-02 21:28:55.203  1416  2408 E ActivityTrigger: activityResumeTrigger: not whiteListedcom.android.todolist/com.android.todolist.ListActivity/1
01-02 21:28:55.227  1416  2408 D ActivityTrigger: activityResumeTrigger: The activity in ApplicationInfo{d5d80e8 com.android.todolist} is now in focus and seems to be in full-screen mode
01-02 21:28:55.227  1416  2408 E ActivityTrigger: activityResumeTrigger: not whiteListedcom.android.todolist/com.android.todolist.ListActivity/1
01-02 21:28:55.346  1416  1518 I ActivityManager: Displayed com.android.todolist/.ListActivity: +115ms
01-02 21:28:55.937 22477 22477 D ViewRootImpl: com.android.todolist: (1, 0, 0, 0, -1)
01-02 21:28:57.195  1416  1416 D NotificationService: Timeout pkg=com.android.todolist callback=android.app.ITransientNotification$Stub$Proxy@1f18440
01-02 21:28:57.224  1416  4161 W NotificationService: Toast already killed. pkg=com.android.todolist callback=android.app.ITransientNotification$Stub$Proxy@f4765c4
01-02 21:29:00.589 22477 22477 D ViewRootImpl: com.android.todolist: (1, 0, 0, 0, -1)
01-02 21:29:00.722   800   800 D SurfaceFlinger: duplicate layer name: changing com.android.todolist/com.android.todolist.ListActivity to com.android.todolist/com.android.todolist.ListActivity#1
01-02 21:29:01.842  2398  2398 I AndroidIME: AbstractIme.onActivate():86 LatinIme.onActivate() : EditorInfo = inputType=Text imeActionName=DONE dump=[inputType=0x61 imeOptions=0x6 privateImeOptions=null actionLabel=null actionId=0 initialSelStart=0 initialSelEnd=0 initialCapsMode=0x0 hintText=sfg label=null packageName=com.android.todolist fieldId=2131230821 fieldName=null extras=null hintLocales=null contentMimeTypes=null ], IncognitoMode = false, DeviceLocked = false
01-02 21:29:01.845  4301 15078 W okt     : Infinite Data has no result for com.android.todolist [CONTEXT service_id=177 ]
01-02 21:29:01.847  4301 11133 W okt     : Infinite Data has no result for com.android.todolist [CONTEXT service_id=177 ]
01-02 21:29:01.855  4301 16209 W okt     : Infinite Data has no result for com.android.todolist [CONTEXT service_id=177 ]
01-02 21:29:01.857  4301 16209 W okt     : Infinite Data has no result for com.android.todolist [CONTEXT service_id=177 ]
01-02 21:29:01.759 22477 22477 D ViewRootImpl: com.android.todolist: (1, 0, 0, 0, -1)
01-02 21:29:03.884   800  1534 W SurfaceFlinger: Attempting to set client state on removed layer: com.android.todolist/com.android.todolist.ListActivity#1
01-02 21:29:03.884   800  1534 W SurfaceFlinger: Attempting to destroy on removed layer: com.android.todolist/com.android.todolist.ListActivity#1
01-02 21:29:04.680  1416  1440 I ActivityManager: START u0 {cmp=com.android.todolist/.MainActivity} from uid 10166
01-02 21:29:04.689  1416  1440 D ActivityTrigger: activityStartTrigger: Activity is Triggerred in full screen ApplicationInfo{d5d80e8 com.android.todolist}
01-02 21:29:04.689  1416  1440 E ActivityTrigger: activityStartTrigger: not whiteListedcom.android.todolist/com.android.todolist.MainActivity/1
01-02 21:29:04.691  1416  1440 D ActivityTrigger: activityResumeTrigger: The activity in ApplicationInfo{d5d80e8 com.android.todolist} is now in focus and seems to be in full-screen mode
01-02 21:29:04.691  1416  1440 E ActivityTrigger: activityResumeTrigger: not whiteListedcom.android.todolist/com.android.todolist.MainActivity/1
01-02 21:29:04.708  1416  1440 D ActivityTrigger: activityResumeTrigger: The activity in ApplicationInfo{d5d80e8 com.android.todolist} is now in focus and seems to be in full-screen mode
01-02 21:29:04.708  1416  1440 E ActivityTrigger: activityResumeTrigger: not whiteListedcom.android.todolist/com.android.todolist.MainActivity/1
01-02 21:29:04.874  1416  1518 I ActivityManager: Displayed com.android.todolist/.MainActivity: +162ms
01-02 21:29:06.442 22477 22477 D ViewRootImpl: com.android.todolist: (1, 0, 0, 0, -1)
01-02 21:29:06.522  1416  2408 I NotificationService: enqueueToast pkg=com.android.todolist callback=android.app.ITransientNotification$Stub$Proxy@cea88b4 duration=0
01-02 21:29:06.529  1416  2408 D NotificationService: Show pkg=com.android.todolist callback=android.app.ITransientNotification$Stub$Proxy@cea88b4
01-02 21:29:06.532  1416  2408 I ActivityManager: START u0 {cmp=com.android.todolist/.ListActivity (has extras)} from uid 10166
01-02 21:29:06.540  1416  2408 D ActivityTrigger: activityStartTrigger: Activity is Triggerred in full screen ApplicationInfo{d5d80e8 com.android.todolist}
01-02 21:29:06.540  1416  2408 E ActivityTrigger: activityStartTrigger: not whiteListedcom.android.todolist/com.android.todolist.ListActivity/1
01-02 21:29:06.541  1416  2408 D ActivityTrigger: activityResumeTrigger: The activity in ApplicationInfo{d5d80e8 com.android.todolist} is now in focus and seems to be in full-screen mode
01-02 21:29:06.541  1416  2408 E ActivityTrigger: activityResumeTrigger: not whiteListedcom.android.todolist/com.android.todolist.ListActivity/1
01-02 21:29:06.564  1416  2408 D ActivityTrigger: activityResumeTrigger: The activity in ApplicationInfo{d5d80e8 com.android.todolist} is now in focus and seems to be in full-screen mode
01-02 21:29:06.564  1416  2408 E ActivityTrigger: activityResumeTrigger: not whiteListedcom.android.todolist/com.android.todolist.ListActivity/1
01-02 21:29:06.679  1416  1518 I ActivityManager: Displayed com.android.todolist/.ListActivity: +111ms
01-02 21:29:07.840 22477 22477 D ViewRootImpl: com.android.todolist: (1, 0, 0, 0, -1)
01-02 21:29:08.530  1416  1416 D NotificationService: Timeout pkg=com.android.todolist callback=android.app.ITransientNotification$Stub$Proxy@cea88b4
01-02 21:29:08.552  1416  2408 W NotificationService: Toast already killed. pkg=com.android.todolist callback=android.app.ITransientNotification$Stub$Proxy@5fc6dbd
01-02 21:29:09.507  4301 21608 W okt     : Infinite Data has no result for com.android.todolist [CONTEXT service_id=177 ]
01-02 21:29:09.510  4301 16372 W okt     : Infinite Data has no result for com.android.todolist [CONTEXT service_id=177 ]
01-02 21:29:09.566  2398  2398 I AndroidIME: AbstractIme.onActivate():86 LatinIme.onActivate() : EditorInfo = inputType=Text imeActionName=DONE dump=[inputType=0x61 imeOptions=0x6 privateImeOptions=null actionLabel=null actionId=0 initialSelStart=0 initialSelEnd=0 initialCapsMode=0x0 hintText=New task label=null packageName=com.android.todolist fieldId=2131230877 fieldName=null extras=null hintLocales=null contentMimeTypes=null ], IncognitoMode = false, DeviceLocked = false
01-02 21:29:11.699  2398  2398 I AndroidIME: AbstractIme.onActivate():86 PasswordIme.onActivate() : EditorInfo = inputType=Text imeActionName=UNSPECIFIED dump=[inputType=0x0 imeOptions=0x0 privateImeOptions=null actionLabel=null actionId=0 initialSelStart=-1 initialSelEnd=-1 initialCapsMode=0x0 hintText=null label=null packageName=com.android.todolist fieldId=2131230904 fieldName=null extras=null hintLocales=null contentMimeTypes=null ], IncognitoMode = false, DeviceLocked = false
01-02 21:29:13.615  2398  2398 I AndroidIME: AbstractIme.onActivate():86 LatinIme.onActivate() : EditorInfo = inputType=Text imeActionName=DONE dump=[inputType=0x61 imeOptions=0x6 privateImeOptions=null actionLabel=null actionId=0 initialSelStart=0 initialSelEnd=0 initialCapsMode=0x0 hintText=New task label=null packageName=com.android.todolist fieldId=2131230877 fieldName=null extras=null hintLocales=null contentMimeTypes=null ], IncognitoMode = false, DeviceLocked = false
01-02 21:29:17.535  1416  5115 I ActivityManager: START u0 {cmp=com